<?xml version="1.0" encoding="UTF-8"?>
<testng-results skipped="0" failed="0" total="1" passed="1">
  <reporter-output>
  </reporter-output>
  <suite name="Default suite" duration-ms="42577" started-at="2018-10-28T09:22:46Z" finished-at="2018-10-28T09:23:28Z">
    <groups>
    </groups>
    <test name="Default test" duration-ms="42577" started-at="2018-10-28T09:22:46Z" finished-at="2018-10-28T09:23:28Z">
      <class name="Goibibo_Menu.Flight">
        <test-method status="PASS" signature="FlightDetails()[pri:0, instance:Goibibo_Menu.Flight@2fd1433e]" name="FlightDetails" duration-ms="42562" started-at="2018-10-28T14:52:46Z" finished-at="2018-10-28T14:53:28Z">
          <reporter-output>
          </reporter-output>
        </test-method> <!-- FlightDetails -->
      </class> <!-- Goibibo_Menu.Flight -->
    </test> <!-- Default test -->
  </suite> <!-- Default suite -->
</testng-results>
